build/app/intermediates/manifest_merge_blame_file/release/manifest-merger-blame-release-report.txt
1<?xml version="1.0" encoding="utf-8"?>
2<manifest xmlns:android="http://schemas.android.com/apk/res/android"
3    package="com.onatcipli.memeAgainstHumanity"
4    android:versionCode="1"
5    android:versionName="1.0.0" >
6
7    <uses-sdk
8        android:minSdkVersion="24"
8-->src\main\AndroidManifest.xml
9        android:targetSdkVersion="31" />
9-->src\main\AndroidManifest.xml
10
11    <uses-permission android:name="android.permission.INTERNET" />
11-->src\main\AndroidManifest.xml:4:5-66
11-->src\main\AndroidManifest.xml:4:22-64
12    <uses-permission android:name="android.permission.CAMERA" />
12-->src\main\AndroidManifest.xml:5:5-64
12-->src\main\AndroidManifest.xml:5:22-62
13    <uses-permission android:name="android.permission.RECORD_AUDIO" />
13-->src\main\AndroidManifest.xml:6:5-71
13-->src\main\AndroidManifest.xml:6:22-68
14
15    <queries>
15-->src\main\AndroidManifest.xml:51:5-72:15
16
17        <!-- If your app opens https URLs -->
18        <intent>
18-->src\main\AndroidManifest.xml:53:9-56:18
19            <action android:name="android.intent.action.VIEW" />
19-->src\main\AndroidManifest.xml:54:13-65
19-->src\main\AndroidManifest.xml:54:21-62
20
21            <data android:scheme="https" />
21-->src\main\AndroidManifest.xml:55:13-44
21-->src\main\AndroidManifest.xml:55:19-41
22        </intent>
23        <!-- If your app makes calls -->
24        <intent>
24-->src\main\AndroidManifest.xml:58:9-61:18
25            <action android:name="android.intent.action.DIAL" />
25-->src\main\AndroidManifest.xml:59:13-65
25-->src\main\AndroidManifest.xml:59:21-62
26
27            <data android:scheme="tel" />
27-->src\main\AndroidManifest.xml:55:13-44
27-->src\main\AndroidManifest.xml:55:19-41
28        </intent>
29        <!-- If your sends SMS messages -->
30        <intent>
30-->src\main\AndroidManifest.xml:63:9-66:18
31            <action android:name="android.intent.action.SENDTO" />
31-->src\main\AndroidManifest.xml:64:13-67
31-->src\main\AndroidManifest.xml:64:21-64
32
33            <data android:scheme="smsto" />
33-->src\main\AndroidManifest.xml:55:13-44
33-->src\main\AndroidManifest.xml:55:19-41
34        </intent>
35        <!-- If your app sends emails -->
36        <intent>
36-->src\main\AndroidManifest.xml:68:9-71:18
37            <action android:name="android.intent.action.SEND" />
37-->src\main\AndroidManifest.xml:69:13-65
37-->src\main\AndroidManifest.xml:69:21-62
38
39            <data android:mimeType="*/*" />
39-->src\main\AndroidManifest.xml:55:13-44
39-->src\main\AndroidManifest.xml:70:19-41
40        </intent>
41        <intent>
41-->[:file_picker] AndroidManifest.xml:10:9-14:18
42            <action android:name="android.intent.action.GET_CONTENT" />
42-->[:file_picker] AndroidManifest.xml:11:13-72
42-->[:file_picker] AndroidManifest.xml:11:21-69
43
44            <data android:mimeType="*/*" />
44-->src\main\AndroidManifest.xml:55:13-44
44-->src\main\AndroidManifest.xml:70:19-41
45        </intent>
46    </queries>
47
48    <uses-permission android:name="android.permission.WAKE_LOCK" />
48-->[:firebase_messaging] AndroidManifest.xml:8:5-68
48-->[:firebase_messaging] AndroidManifest.xml:8:22-65
49    <uses-permission android:name="android.permission.ACCESS_NETWORK_STATE" />
49-->[:firebase_messaging] AndroidManifest.xml:9:5-79
49-->[:firebase_messaging] AndroidManifest.xml:9:22-76
50    <uses-permission android:name="android.permission.READ_EXTERNAL_STORAGE" />
50-->[:file_picker] AndroidManifest.xml:7:5-80
50-->[:file_picker] AndroidManifest.xml:7:22-77
51    <uses-permission android:name="android.permission.REQUEST_INSTALL_PACKAGES" /> <!-- Required by older versions of Google Play services to create IID tokens -->
51-->[:open_file] AndroidManifest.xml:8:5-83
51-->[:open_file] AndroidManifest.xml:8:22-80
52    <uses-permission android:name="com.google.android.c2dm.permission.RECEIVE" />
52-->[com.google.firebase:firebase-messaging:23.0.2] AndroidManifest.xml:28:5-82
52-->[com.google.firebase:firebase-messaging:23.0.2] AndroidManifest.xml:28:22-79
53
54    <application
54-->src\main\AndroidManifest.xml:8:4-49:19
55        android:appComponentFactory="androidx.core.app.CoreComponentFactory"
55-->[androidx.core:core:1.7.0] AndroidManifest.xml:24:18-86
56        android:extractNativeLibs="false"
57        android:icon="@mipmap/launcher_icon"
57-->src\main\AndroidManifest.xml:10:9-45
58        android:label="memeAgainstHumanity" >
58-->src\main\AndroidManifest.xml:9:9-44
59        <activity
59-->src\main\AndroidManifest.xml:11:9-37:20
60            android:name="com.annulus.pure.MainActivity"
60-->src\main\AndroidManifest.xml:12:13-41
61            android:configChanges="orientation|keyboardHidden|keyboard|screenSize|smallestScreenSize|locale|layoutDirection|fontScale|screenLayout|density|uiMode"
61-->src\main\AndroidManifest.xml:16:13-163
62            android:hardwareAccelerated="true"
62-->src\main\AndroidManifest.xml:17:13-47
63            android:launchMode="singleTop"
63-->src\main\AndroidManifest.xml:13:13-43
64            android:screenOrientation="portrait"
64-->src\main\AndroidManifest.xml:14:13-49
65            android:theme="@style/LaunchTheme"
65-->src\main\AndroidManifest.xml:15:13-47
66            android:windowSoftInputMode="adjustResize" >
66-->src\main\AndroidManifest.xml:18:13-55
67
68            <!--
69                 Specifies an Android theme to apply to this Activity as soon as
70                 the Android process has started. This theme is visible to the user
71                 while the Flutter UI initializes. After that, this theme continues
72                 to determine the Window background behind the Flutter UI.
73            -->
74            <meta-data
74-->src\main\AndroidManifest.xml:23:13-26:17
75                android:name="io.flutter.embedding.android.NormalTheme"
75-->src\main\AndroidManifest.xml:24:15-70
76                android:resource="@style/NormalTheme" />
76-->src\main\AndroidManifest.xml:25:15-52
77            <!--
78                 Displays an Android View that continues showing the launch screen
79                 Drawable until Flutter paints its first frame, then this splash
80                 screen fades out. A splash screen is useful to avoid any visual
81                 gap between the end of Android's launch screen and the painting of
82                 Flutter's first frame.
83            -->
84
85            <intent-filter>
85-->src\main\AndroidManifest.xml:33:13-36:29
86                <action android:name="android.intent.action.MAIN" />
86-->src\main\AndroidManifest.xml:34:17-68
86-->src\main\AndroidManifest.xml:34:25-66
87
88                <category android:name="android.intent.category.LAUNCHER" />
88-->src\main\AndroidManifest.xml:35:17-76
88-->src\main\AndroidManifest.xml:35:27-74
89            </intent-filter>
90        </activity>
91        <activity
91-->src\main\AndroidManifest.xml:39:10-42:71
92            android:name="com.yalantis.ucrop.UCropActivity"
92-->src\main\AndroidManifest.xml:40:13-60
93            android:screenOrientation="portrait"
93-->src\main\AndroidManifest.xml:41:13-49
94            android:theme="@style/Theme.AppCompat.Light.NoActionBar" />
94-->src\main\AndroidManifest.xml:42:13-69
95
96        <!--
97             Don't delete the meta-data below.
98             This is used by the Flutter tool to generate GeneratedPluginRegistrant.java
99        -->
100        <meta-data
100-->src\main\AndroidManifest.xml:46:9-48:33
101            android:name="flutterEmbedding"
101-->src\main\AndroidManifest.xml:47:13-44
102            android:value="2" />
102-->src\main\AndroidManifest.xml:48:13-30
103
104        <service
104-->[:firebase_database] AndroidManifest.xml:8:9-12:19
105            android:name="com.google.firebase.components.ComponentDiscoveryService"
105-->[:firebase_database] AndroidManifest.xml:8:18-89
106            android:directBootAware="true"
106-->[com.google.firebase:firebase-common:20.1.0] AndroidManifest.xml:35:13-43
107            android:exported="false" >
107-->[com.google.firebase:firebase-auth:21.0.3] AndroidManifest.xml:66:13-37
108            <meta-data
108-->[:firebase_database] AndroidManifest.xml:9:13-11:85
109                android:name="com.google.firebase.components:io.flutter.plugins.firebase.database.FlutterFirebaseAppRegistrar"
109-->[:firebase_database] AndroidManifest.xml:10:17-127
110                android:value="com.google.firebase.components.ComponentRegistrar" />
110-->[:firebase_database] AndroidManifest.xml:11:17-82
111            <meta-data
111-->[:firebase_messaging] AndroidManifest.xml:34:13-36:85
112                android:name="com.google.firebase.components:io.flutter.plugins.firebase.messaging.FlutterFirebaseAppRegistrar"
112-->[:firebase_messaging] AndroidManifest.xml:35:17-128
113                android:value="com.google.firebase.components.ComponentRegistrar" />
113-->[:firebase_messaging] AndroidManifest.xml:36:17-82
114            <meta-data
114-->[:firebase_crashlytics] AndroidManifest.xml:9:13-11:85
115                android:name="com.google.firebase.components:io.flutter.plugins.firebase.crashlytics.FlutterFirebaseAppRegistrar"
115-->[:firebase_crashlytics] AndroidManifest.xml:10:17-130
116                android:value="com.google.firebase.components.ComponentRegistrar" />
116-->[:firebase_crashlytics] AndroidManifest.xml:11:17-82
117            <meta-data
117-->[:cloud_firestore] AndroidManifest.xml:9:13-11:85
118                android:name="com.google.firebase.components:io.flutter.plugins.firebase.firestore.FlutterFirebaseFirestoreRegistrar"
118-->[:cloud_firestore] AndroidManifest.xml:10:17-134
119                android:value="com.google.firebase.components.ComponentRegistrar" />
119-->[:cloud_firestore] AndroidManifest.xml:11:17-82
120            <meta-data
120-->[:firebase_dynamic_links] AndroidManifest.xml:11:13-13:85
121                android:name="com.google.firebase.components:io.flutter.plugins.firebase.dynamiclinks.FlutterFirebaseAppRegistrar"
121-->[:firebase_dynamic_links] AndroidManifest.xml:12:17-131
122                android:value="com.google.firebase.components.ComponentRegistrar" />
122-->[:firebase_dynamic_links] AndroidManifest.xml:13:17-82
123            <meta-data
123-->[:firebase_auth] AndroidManifest.xml:9:13-11:85
124                android:name="com.google.firebase.components:io.flutter.plugins.firebase.auth.FlutterFirebaseAuthRegistrar"
124-->[:firebase_auth] AndroidManifest.xml:10:17-124
125                android:value="com.google.firebase.components.ComponentRegistrar" />
125-->[:firebase_auth] AndroidManifest.xml:11:17-82
126            <meta-data
126-->[:firebase_storage] AndroidManifest.xml:9:13-11:85
127                android:name="com.google.firebase.components:io.flutter.plugins.firebase.storage.FlutterFirebaseAppRegistrar"
127-->[:firebase_storage] AndroidManifest.xml:10:17-126
128                android:value="com.google.firebase.components.ComponentRegistrar" />
128-->[:firebase_storage] AndroidManifest.xml:11:17-82
129            <meta-data
129-->[:firebase_core] AndroidManifest.xml:9:13-11:85
130                android:name="com.google.firebase.components:io.flutter.plugins.firebase.core.FlutterFirebaseCoreRegistrar"
130-->[:firebase_core] AndroidManifest.xml:10:17-124
131                android:value="com.google.firebase.components.ComponentRegistrar" />
131-->[:firebase_core] AndroidManifest.xml:11:17-82
132            <meta-data
132-->[com.google.firebase:firebase-auth:21.0.3] AndroidManifest.xml:67:13-69:85
133                android:name="com.google.firebase.components:com.google.firebase.auth.FirebaseAuthRegistrar"
133-->[com.google.firebase:firebase-auth:21.0.3] AndroidManifest.xml:68:17-109
134                android:value="com.google.firebase.components.ComponentRegistrar" />
134-->[com.google.firebase:firebase-auth:21.0.3] AndroidManifest.xml:69:17-82
135            <meta-data
135-->[com.google.firebase:firebase-firestore:24.1.0] AndroidManifest.xml:20:13-22:85
136                android:name="com.google.firebase.components:com.google.firebase.firestore.FirestoreRegistrar"
136-->[com.google.firebase:firebase-firestore:24.1.0] AndroidManifest.xml:21:17-111
137                android:value="com.google.firebase.components.ComponentRegistrar" />
137-->[com.google.firebase:firebase-firestore:24.1.0] AndroidManifest.xml:22:17-82
138            <meta-data
138-->[com.google.firebase:firebase-messaging:23.0.2] AndroidManifest.xml:55:13-57:85
139                android:name="com.google.firebase.components:com.google.firebase.messaging.FirebaseMessagingRegistrar"
139-->[com.google.firebase:firebase-messaging:23.0.2] AndroidManifest.xml:56:17-119
140                android:value="com.google.firebase.components.ComponentRegistrar" />
140-->[com.google.firebase:firebase-messaging:23.0.2] AndroidManifest.xml:57:17-82
141            <meta-data
141-->[com.google.firebase:firebase-crashlytics:18.2.9] AndroidManifest.xml:18:13-20:85
142                android:name="com.google.firebase.components:com.google.firebase.crashlytics.CrashlyticsRegistrar"
142-->[com.google.firebase:firebase-crashlytics:18.2.9] AndroidManifest.xml:19:17-115
143                android:value="com.google.firebase.components.ComponentRegistrar" />
143-->[com.google.firebase:firebase-crashlytics:18.2.9] AndroidManifest.xml:20:17-82
144            <meta-data
144-->[com.google.firebase:firebase-dynamic-links:21.0.1] AndroidManifest.xml:27:13-29:85
145                android:name="com.google.firebase.components:com.google.firebase.dynamiclinks.internal.FirebaseDynamicLinkRegistrar"
145-->[com.google.firebase:firebase-dynamic-links:21.0.1] AndroidManifest.xml:28:17-133
146                android:value="com.google.firebase.components.ComponentRegistrar" />
146-->[com.google.firebase:firebase-dynamic-links:21.0.1] AndroidManifest.xml:29:17-82
147            <meta-data
147-->[com.google.firebase:firebase-storage:20.0.1] AndroidManifest.xml:33:13-35:85
148                android:name="com.google.firebase.components:com.google.firebase.storage.StorageRegistrar"
148-->[com.google.firebase:firebase-storage:20.0.1] AndroidManifest.xml:34:17-107
149                android:value="com.google.firebase.components.ComponentRegistrar" />
149-->[com.google.firebase:firebase-storage:20.0.1] AndroidManifest.xml:35:17-82
150            <meta-data
150-->[com.google.firebase:firebase-database:20.0.4] AndroidManifest.xml:32:13-34:85
151                android:name="com.google.firebase.components:com.google.firebase.database.DatabaseRegistrar"
151-->[com.google.firebase:firebase-database:20.0.4] AndroidManifest.xml:33:17-109
152                android:value="com.google.firebase.components.ComponentRegistrar" />
152-->[com.google.firebase:firebase-database:20.0.4] AndroidManifest.xml:34:17-82
153            <meta-data
153-->[com.google.firebase:firebase-datatransport:18.1.1] AndroidManifest.xml:28:13-30:85
154                android:name="com.google.firebase.components:com.google.firebase.datatransport.TransportRegistrar"
154-->[com.google.firebase:firebase-datatransport:18.1.1] AndroidManifest.xml:29:17-115
155                android:value="com.google.firebase.components.ComponentRegistrar" />
155-->[com.google.firebase:firebase-datatransport:18.1.1] AndroidManifest.xml:30:17-82
156            <meta-data
156-->[com.google.firebase:firebase-installations:17.0.1] AndroidManifest.xml:18:13-20:85
157                android:name="com.google.firebase.components:com.google.firebase.installations.FirebaseInstallationsRegistrar"
157-->[com.google.firebase:firebase-installations:17.0.1] AndroidManifest.xml:19:17-127
158                android:value="com.google.firebase.components.ComponentRegistrar" />
158-->[com.google.firebase:firebase-installations:17.0.1] AndroidManifest.xml:20:17-82
159        </service>
160        <service
160-->[:firebase_messaging] AndroidManifest.xml:12:9-15:72
161            android:name="io.flutter.plugins.firebase.messaging.FlutterFirebaseMessagingBackgroundService"
161-->[:firebase_messaging] AndroidManifest.xml:13:13-107
162            android:exported="false"
162-->[:firebase_messaging] AndroidManifest.xml:14:13-37
163            android:permission="android.permission.BIND_JOB_SERVICE" />
163-->[:firebase_messaging] AndroidManifest.xml:15:13-69
164        <service
164-->[:firebase_messaging] AndroidManifest.xml:16:9-22:19
165            android:name="io.flutter.plugins.firebase.messaging.FlutterFirebaseMessagingService"
165-->[:firebase_messaging] AndroidManifest.xml:17:13-97
166            android:exported="false" >
166-->[:firebase_messaging] AndroidManifest.xml:18:13-37
167            <intent-filter>
167-->[:firebase_messaging] AndroidManifest.xml:19:13-21:29
168                <action android:name="com.google.firebase.MESSAGING_EVENT" />
168-->[:firebase_messaging] AndroidManifest.xml:20:17-78
168-->[:firebase_messaging] AndroidManifest.xml:20:25-75
169            </intent-filter>
170        </service>
171
172        <receiver
172-->[:firebase_messaging] AndroidManifest.xml:24:9-31:20
173            android:name="io.flutter.plugins.firebase.messaging.FlutterFirebaseMessagingReceiver"
173-->[:firebase_messaging] AndroidManifest.xml:25:13-98
174            android:exported="true"
174-->[:firebase_messaging] AndroidManifest.xml:26:13-36
175            android:permission="com.google.android.c2dm.permission.SEND" >
175-->[:firebase_messaging] AndroidManifest.xml:27:13-73
176            <intent-filter>
176-->[:firebase_messaging] AndroidManifest.xml:28:13-30:29
177                <action android:name="com.google.android.c2dm.intent.RECEIVE" />
177-->[:firebase_messaging] AndroidManifest.xml:29:17-81
177-->[:firebase_messaging] AndroidManifest.xml:29:25-78
178            </intent-filter>
179        </receiver>
180
181        <provider
181-->[:firebase_messaging] AndroidManifest.xml:39:9-43:38
182            android:name="io.flutter.plugins.firebase.messaging.FlutterFirebaseMessagingInitProvider"
182-->[:firebase_messaging] AndroidManifest.xml:40:13-102
183            android:authorities="com.onatcipli.memeAgainstHumanity.flutterfirebasemessaginginitprovider"
183-->[:firebase_messaging] AndroidManifest.xml:41:13-88
184            android:exported="false"
184-->[:firebase_messaging] AndroidManifest.xml:42:13-37
185            android:initOrder="99" />
185-->[:firebase_messaging] AndroidManifest.xml:43:13-35
186        <provider
186-->[:share_plus] AndroidManifest.xml:8:9-16:20
187            android:name="dev.fluttercommunity.plus.share.ShareFileProvider"
187-->[:share_plus] AndroidManifest.xml:9:13-77
188            android:authorities="com.onatcipli.memeAgainstHumanity.flutter.share_provider"
188-->[:share_plus] AndroidManifest.xml:10:13-74
189            android:exported="false"
189-->[:share_plus] AndroidManifest.xml:11:13-37
190            android:grantUriPermissions="true" >
190-->[:share_plus] AndroidManifest.xml:12:13-47
191            <meta-data
191-->[:share_plus] AndroidManifest.xml:13:13-15:68
192                android:name="android.support.FILE_PROVIDER_PATHS"
192-->[:share_plus] AndroidManifest.xml:14:17-67
193                android:resource="@xml/flutter_share_file_paths" />
193-->[:share_plus] AndroidManifest.xml:15:17-65
194        </provider>
195        <provider
195-->[:image_picker_android] AndroidManifest.xml:8:9-16:20
196            android:name="io.flutter.plugins.imagepicker.ImagePickerFileProvider"
196-->[:image_picker_android] AndroidManifest.xml:9:13-82
197            android:authorities="com.onatcipli.memeAgainstHumanity.flutter.image_provider"
197-->[:image_picker_android] AndroidManifest.xml:10:13-74
198            android:exported="false"
198-->[:image_picker_android] AndroidManifest.xml:11:13-37
199            android:grantUriPermissions="true" >
199-->[:image_picker_android] AndroidManifest.xml:12:13-47
200            <meta-data
200-->[:share_plus] AndroidManifest.xml:13:13-15:68
201                android:name="android.support.FILE_PROVIDER_PATHS"
201-->[:share_plus] AndroidManifest.xml:14:17-67
202                android:resource="@xml/flutter_image_picker_file_paths" />
202-->[:share_plus] AndroidManifest.xml:15:17-65
203        </provider>
204
205        <activity
205-->[:url_launcher_android] AndroidManifest.xml:8:9-11:74
206            android:name="io.flutter.plugins.urllauncher.WebViewActivity"
206-->[:url_launcher_android] AndroidManifest.xml:9:13-74
207            android:exported="false"
207-->[:url_launcher_android] AndroidManifest.xml:10:13-37
208            android:theme="@android:style/Theme.NoTitleBar.Fullscreen" />
208-->[:url_launcher_android] AndroidManifest.xml:11:13-71
209
210        <provider
210-->[:open_file] AndroidManifest.xml:12:9-21:20
211            android:name="com.crazecoder.openfile.FileProvider"
211-->[:open_file] AndroidManifest.xml:13:13-64
212            android:authorities="com.onatcipli.memeAgainstHumanity.fileProvider.com.crazecoder.openfile"
212-->[:open_file] AndroidManifest.xml:14:13-88
213            android:exported="false"
213-->[:open_file] AndroidManifest.xml:15:13-37
214            android:grantUriPermissions="true" >
214-->[:open_file] AndroidManifest.xml:16:13-47
215            <meta-data
215-->[:share_plus] AndroidManifest.xml:13:13-15:68
216                android:name="android.support.FILE_PROVIDER_PATHS"
216-->[:share_plus] AndroidManifest.xml:14:17-67
217                android:resource="@xml/filepaths" />
217-->[:share_plus] AndroidManifest.xml:15:17-65
218        </provider>
219
220        <uses-library
220-->[androidx.window:window:1.0.0-beta04] AndroidManifest.xml:25:9-27:40
221            android:name="androidx.window.extensions"
221-->[androidx.window:window:1.0.0-beta04] AndroidManifest.xml:26:13-54
222            android:required="false" />
222-->[androidx.window:window:1.0.0-beta04] AndroidManifest.xml:27:13-37
223        <uses-library
223-->[androidx.window:window:1.0.0-beta04] AndroidManifest.xml:28:9-30:40
224            android:name="androidx.window.sidecar"
224-->[androidx.window:window:1.0.0-beta04] AndroidManifest.xml:29:13-51
225            android:required="false" />
225-->[androidx.window:window:1.0.0-beta04] AndroidManifest.xml:30:13-37
226
227        <activity
227-->[com.google.firebase:firebase-auth:21.0.3] AndroidManifest.xml:27:9-44:20
228            android:name="com.google.firebase.auth.internal.GenericIdpActivity"
228-->[com.google.firebase:firebase-auth:21.0.3] AndroidManifest.xml:28:13-80
229            android:excludeFromRecents="true"
229-->[com.google.firebase:firebase-auth:21.0.3] AndroidManifest.xml:29:13-46
230            android:exported="true"
230-->[com.google.firebase:firebase-auth:21.0.3] AndroidManifest.xml:30:13-36
231            android:launchMode="singleTask"
231-->[com.google.firebase:firebase-auth:21.0.3] AndroidManifest.xml:31:13-44
232            android:theme="@android:style/Theme.Translucent.NoTitleBar" >
232-->[com.google.firebase:firebase-auth:21.0.3] AndroidManifest.xml:32:13-72
233            <intent-filter>
233-->[com.google.firebase:firebase-auth:21.0.3] AndroidManifest.xml:33:13-43:29
234                <action android:name="android.intent.action.VIEW" />
234-->src\main\AndroidManifest.xml:54:13-65
234-->src\main\AndroidManifest.xml:54:21-62
235
236                <category android:name="android.intent.category.DEFAULT" />
236-->[com.google.firebase:firebase-auth:21.0.3] AndroidManifest.xml:36:17-76
236-->[com.google.firebase:firebase-auth:21.0.3] AndroidManifest.xml:36:27-73
237                <category android:name="android.intent.category.BROWSABLE" />
237-->[com.google.firebase:firebase-auth:21.0.3] AndroidManifest.xml:37:17-78
237-->[com.google.firebase:firebase-auth:21.0.3] AndroidManifest.xml:37:27-75
238
239                <data
239-->src\main\AndroidManifest.xml:55:13-44
240                    android:host="firebase.auth"
241                    android:path="/"
242                    android:scheme="genericidp" />
242-->src\main\AndroidManifest.xml:55:19-41
243            </intent-filter>
244        </activity>
245        <activity
245-->[com.google.firebase:firebase-auth:21.0.3] AndroidManifest.xml:45:9-62:20
246            android:name="com.google.firebase.auth.internal.RecaptchaActivity"
246-->[com.google.firebase:firebase-auth:21.0.3] AndroidManifest.xml:46:13-79
247            android:excludeFromRecents="true"
247-->[com.google.firebase:firebase-auth:21.0.3] AndroidManifest.xml:47:13-46
248            android:exported="true"
248-->[com.google.firebase:firebase-auth:21.0.3] AndroidManifest.xml:48:13-36
249            android:launchMode="singleTask"
249-->[com.google.firebase:firebase-auth:21.0.3] AndroidManifest.xml:49:13-44
250            android:theme="@android:style/Theme.Translucent.NoTitleBar" >
250-->[com.google.firebase:firebase-auth:21.0.3] AndroidManifest.xml:50:13-72
251            <intent-filter>
251-->[com.google.firebase:firebase-auth:21.0.3] AndroidManifest.xml:51:13-61:29
252                <action android:name="android.intent.action.VIEW" />
252-->src\main\AndroidManifest.xml:54:13-65
252-->src\main\AndroidManifest.xml:54:21-62
253
254                <category android:name="android.intent.category.DEFAULT" />
254-->[com.google.firebase:firebase-auth:21.0.3] AndroidManifest.xml:36:17-76
254-->[com.google.firebase:firebase-auth:21.0.3] AndroidManifest.xml:36:27-73
255                <category android:name="android.intent.category.BROWSABLE" />
255-->[com.google.firebase:firebase-auth:21.0.3] AndroidManifest.xml:37:17-78
255-->[com.google.firebase:firebase-auth:21.0.3] AndroidManifest.xml:37:27-75
256
257                <data
257-->src\main\AndroidManifest.xml:55:13-44
258                    android:host="firebase.auth"
259                    android:path="/"
260                    android:scheme="recaptcha" />
260-->src\main\AndroidManifest.xml:55:19-41
261            </intent-filter>
262        </activity>
263
264        <receiver
264-->[com.google.firebase:firebase-messaging:23.0.2] AndroidManifest.xml:31:9-38:20
265            android:name="com.google.firebase.iid.FirebaseInstanceIdReceiver"
265-->[com.google.firebase:firebase-messaging:23.0.2] AndroidManifest.xml:32:13-78
266            android:exported="true"
266-->[com.google.firebase:firebase-messaging:23.0.2] AndroidManifest.xml:33:13-36
267            android:permission="com.google.android.c2dm.permission.SEND" >
267-->[com.google.firebase:firebase-messaging:23.0.2] AndroidManifest.xml:34:13-73
268            <intent-filter>
268-->[:firebase_messaging] AndroidManifest.xml:28:13-30:29
269                <action android:name="com.google.android.c2dm.intent.RECEIVE" />
269-->[:firebase_messaging] AndroidManifest.xml:29:17-81
269-->[:firebase_messaging] AndroidManifest.xml:29:25-78
270            </intent-filter>
271        </receiver>
272        <!--
273             FirebaseMessagingService performs security checks at runtime,
274             but set to not exported to explicitly avoid allowing another app to call it.
275        -->
276        <service
276-->[com.google.firebase:firebase-messaging:23.0.2] AndroidManifest.xml:44:9-51:19
277            android:name="com.google.firebase.messaging.FirebaseMessagingService"
277-->[com.google.firebase:firebase-messaging:23.0.2] AndroidManifest.xml:45:13-82
278            android:directBootAware="true"
278-->[com.google.firebase:firebase-messaging:23.0.2] AndroidManifest.xml:46:13-43
279            android:exported="false" >
279-->[com.google.firebase:firebase-messaging:23.0.2] AndroidManifest.xml:47:13-37
280            <intent-filter android:priority="-500" >
280-->[:firebase_messaging] AndroidManifest.xml:19:13-21:29
281                <action android:name="com.google.firebase.MESSAGING_EVENT" />
281-->[:firebase_messaging] AndroidManifest.xml:20:17-78
281-->[:firebase_messaging] AndroidManifest.xml:20:25-75
282            </intent-filter>
283        </service>
284
285        <provider
285-->[com.google.firebase:firebase-common:20.1.0] AndroidManifest.xml:26:9-31:39
286            android:name="com.google.firebase.provider.FirebaseInitProvider"
286-->[com.google.firebase:firebase-common:20.1.0] AndroidManifest.xml:27:13-77
287            android:authorities="com.onatcipli.memeAgainstHumanity.firebaseinitprovider"
287-->[com.google.firebase:firebase-common:20.1.0] AndroidManifest.xml:28:13-72
288            android:directBootAware="true"
288-->[com.google.firebase:firebase-common:20.1.0] AndroidManifest.xml:29:13-43
289            android:exported="false"
289-->[com.google.firebase:firebase-common:20.1.0] AndroidManifest.xml:30:13-37
290            android:initOrder="100" />
290-->[com.google.firebase:firebase-common:20.1.0] AndroidManifest.xml:31:13-36
291
292        <activity
292-->[com.google.android.gms:play-services-auth:20.0.1] AndroidManifest.xml:23:9-27:75
293            android:name="com.google.android.gms.auth.api.signin.internal.SignInHubActivity"
293-->[com.google.android.gms:play-services-auth:20.0.1] AndroidManifest.xml:24:13-93
294            android:excludeFromRecents="true"
294-->[com.google.android.gms:play-services-auth:20.0.1] AndroidManifest.xml:25:13-46
295            android:exported="false"
295-->[com.google.android.gms:play-services-auth:20.0.1] AndroidManifest.xml:26:13-37
296            android:theme="@android:style/Theme.Translucent.NoTitleBar" />
296-->[com.google.android.gms:play-services-auth:20.0.1] AndroidManifest.xml:27:13-72
297        <!--
298            Service handling Google Sign-In user revocation. For apps that do not integrate with
299            Google Sign-In, this service will never be started.
300        -->
301        <service
301-->[com.google.android.gms:play-services-auth:20.0.1] AndroidManifest.xml:33:9-37:51
302            android:name="com.google.android.gms.auth.api.signin.RevocationBoundService"
302-->[com.google.android.gms:play-services-auth:20.0.1] AndroidManifest.xml:34:13-89
303            android:exported="true"